build/app/intermediates/manifest_merge_blame_file/release/manifest-merger-blame-release-report.txt
1<?xml version="1.0" encoding="utf-8"?>
2<manifest xmlns:android="http://schemas.android.com/apk/res/android"
3    package="com.alipproject.mypresence"
4    android:versionCode="1"
5    android:versionName="1.0.0" >
6
7    <uses-sdk
8        android:minSdkVersion="20"
8-->src\main\AndroidManifest.xml
9        android:targetSdkVersion="33" />
9-->src\main\AndroidManifest.xml
10
11    <uses-permission android:name="android.permission.ACCESS_FINE_LOCATION" />
11-->src\main\AndroidManifest.xml:2:1-75
11-->src\main\AndroidManifest.xml:2:18-72
12    <uses-permission android:name="android.permission.ACCESS_COARSE_LOCATION" />
12-->src\main\AndroidManifest.xml:3:1-77
12-->src\main\AndroidManifest.xml:3:18-74
13    <uses-permission android:name="android.permission.FOREGROUND_SERVICE" />
13-->[:geolocator_android] AndroidManifest.xml:9:5-77
13-->[:geolocator_android] AndroidManifest.xml:9:22-74
14    <uses-permission android:name="android.permission.INTERNET" />
14-->[com.google.firebase:firebase-auth:22.0.0] AndroidManifest.xml:25:5-67
14-->[com.google.firebase:firebase-auth:22.0.0] AndroidManifest.xml:25:22-64
15    <uses-permission android:name="android.permission.ACCESS_NETWORK_STATE" />
15-->[com.google.firebase:firebase-auth:22.0.0] AndroidManifest.xml:26:5-79
15-->[com.google.firebase:firebase-auth:22.0.0] AndroidManifest.xml:26:22-76
16
17    <permission
17-->[androidx.core:core:1.10.1] AndroidManifest.xml:22:5-24:47
18        android:name="com.alipproject.mypresence.DYNAMIC_RECEIVER_NOT_EXPORTED_PERMISSION"
18-->[androidx.core:core:1.10.1] AndroidManifest.xml:23:9-81
19        android:protectionLevel="signature" />
19-->[androidx.core:core:1.10.1] AndroidManifest.xml:24:9-44
20
21    <uses-permission android:name="com.alipproject.mypresence.DYNAMIC_RECEIVER_NOT_EXPORTED_PERMISSION" />
21-->[androidx.core:core:1.10.1] AndroidManifest.xml:26:5-97
21-->[androidx.core:core:1.10.1] AndroidManifest.xml:26:22-94
22
23    <application
24        android:name="android.app.Application"
24-->src\main\AndroidManifest.xml:6:9-42
25        android:appComponentFactory="androidx.core.app.CoreComponentFactory"
25-->[androidx.core:core:1.10.1] AndroidManifest.xml:28:18-86
26        android:icon="@mipmap/launcher_icon"
26-->src\main\AndroidManifest.xml:7:9-45
27        android:label="mypresence" >
27-->src\main\AndroidManifest.xml:5:9-35
28        <activity
28-->src\main\AndroidManifest.xml:8:9-28:20
29            android:name="com.alipproject.mypresence.MainActivity"
29-->src\main\AndroidManifest.xml:9:13-41
30            android:configChanges="orientation|keyboardHidden|keyboard|screenSize|smallestScreenSize|locale|layoutDirection|fontScale|screenLayout|density|uiMode"
30-->src\main\AndroidManifest.xml:13:13-163
31            android:exported="true"
31-->src\main\AndroidManifest.xml:10:13-36
32            android:hardwareAccelerated="true"
32-->src\main\AndroidManifest.xml:14:13-47
33            android:launchMode="singleTop"
33-->src\main\AndroidManifest.xml:11:13-43
34            android:theme="@style/LaunchTheme"
34-->src\main\AndroidManifest.xml:12:13-47
35            android:windowSoftInputMode="adjustResize" >
35-->src\main\AndroidManifest.xml:15:13-55
36
37            <!--
38                 Specifies an Android theme to apply to this Activity as soon as
39                 the Android process has started. This theme is visible to the user
40                 while the Flutter UI initializes. After that, this theme continues
41                 to determine the Window background behind the Flutter UI.
42            -->
43            <meta-data
43-->src\main\AndroidManifest.xml:20:13-23:17
44                android:name="io.flutter.embedding.android.NormalTheme"
44-->src\main\AndroidManifest.xml:21:15-70
45                android:resource="@style/NormalTheme" />
45-->src\main\AndroidManifest.xml:22:15-52
46
47            <intent-filter>
47-->src\main\AndroidManifest.xml:24:13-27:29
48                <action android:name="android.intent.action.MAIN" />
48-->src\main\AndroidManifest.xml:25:17-68
48-->src\main\AndroidManifest.xml:25:25-66
49
50                <category android:name="android.intent.category.LAUNCHER" />
50-->src\main\AndroidManifest.xml:26:17-76
50-->src\main\AndroidManifest.xml:26:27-74
51            </intent-filter>
52        </activity>
53        <!--
54             Don't delete the meta-data below.
55             This is used by the Flutter tool to generate GeneratedPluginRegistrant.java
56        -->
57        <meta-data
57-->src\main\AndroidManifest.xml:31:9-33:33
58            android:name="flutterEmbedding"
58-->src\main\AndroidManifest.xml:32:13-44
59            android:value="2" />
59-->src\main\AndroidManifest.xml:33:13-30
60
61        <service
61-->[:firebase_auth] AndroidManifest.xml:10:9-14:19
62            android:name="com.google.firebase.components.ComponentDiscoveryService"
62-->[:firebase_auth] AndroidManifest.xml:10:18-89
63            android:directBootAware="true"
63-->[com.google.firebase:firebase-common:20.3.2] AndroidManifest.xml:34:13-43
64            android:exported="false" >
64-->[com.google.firebase:firebase-auth:22.0.0] AndroidManifest.xml:68:13-37
65            <meta-data
65-->[:firebase_auth] AndroidManifest.xml:11:13-13:85
66                android:name="com.google.firebase.components:io.flutter.plugins.firebase.auth.FlutterFirebaseAuthRegistrar"
66-->[:firebase_auth] AndroidManifest.xml:12:17-124
67                android:value="com.google.firebase.components.ComponentRegistrar" />
67-->[:firebase_auth] AndroidManifest.xml:13:17-82
68            <meta-data
68-->[:firebase_storage] AndroidManifest.xml:11:13-13:85
69                android:name="com.google.firebase.components:io.flutter.plugins.firebase.storage.FlutterFirebaseAppRegistrar"
69-->[:firebase_storage] AndroidManifest.xml:12:17-126
70                android:value="com.google.firebase.components.ComponentRegistrar" />
70-->[:firebase_storage] AndroidManifest.xml:13:17-82
71            <meta-data
71-->[:cloud_firestore] AndroidManifest.xml:11:13-13:85
72                android:name="com.google.firebase.components:io.flutter.plugins.firebase.firestore.FlutterFirebaseFirestoreRegistrar"
72-->[:cloud_firestore] AndroidManifest.xml:12:17-134
73                android:value="com.google.firebase.components.ComponentRegistrar" />
73-->[:cloud_firestore] AndroidManifest.xml:13:17-82
74            <meta-data
74-->[:firebase_core] AndroidManifest.xml:11:13-13:85
75                android:name="com.google.firebase.components:io.flutter.plugins.firebase.core.FlutterFirebaseCoreRegistrar"
75-->[:firebase_core] AndroidManifest.xml:12:17-124
76                android:value="com.google.firebase.components.ComponentRegistrar" />
76-->[:firebase_core] AndroidManifest.xml:13:17-82
77            <meta-data
77-->[com.google.firebase:firebase-auth:22.0.0] AndroidManifest.xml:69:13-71:85
78                android:name="com.google.firebase.components:com.google.firebase.auth.FirebaseAuthRegistrar"
78-->[com.google.firebase:firebase-auth:22.0.0] AndroidManifest.xml:70:17-109
79                android:value="com.google.firebase.components.ComponentRegistrar" />
79-->[com.google.firebase:firebase-auth:22.0.0] AndroidManifest.xml:71:17-82
80            <meta-data
80-->[com.google.firebase:firebase-firestore:24.6.0] AndroidManifest.xml:19:13-21:85
81                android:name="com.google.firebase.components:com.google.firebase.firestore.FirestoreRegistrar"
81-->[com.google.firebase:firebase-firestore:24.6.0] AndroidManifest.xml:20:17-111
82                android:value="com.google.firebase.components.ComponentRegistrar" />
82-->[com.google.firebase:firebase-firestore:24.6.0] AndroidManifest.xml:21:17-82
83            <meta-data
83-->[com.google.firebase:firebase-storage:20.2.0] AndroidManifest.xml:32:13-34:85
84                android:name="com.google.firebase.components:com.google.firebase.storage.StorageRegistrar"
84-->[com.google.firebase:firebase-storage:20.2.0] AndroidManifest.xml:33:17-107
85                android:value="com.google.firebase.components.ComponentRegistrar" />
85-->[com.google.firebase:firebase-storage:20.2.0] AndroidManifest.xml:34:17-82
86        </service>
87
88        <provider
88-->[:image_picker_android] AndroidManifest.xml:10:9-18:20
89            android:name="io.flutter.plugins.imagepicker.ImagePickerFileProvider"
89-->[:image_picker_android] AndroidManifest.xml:11:13-82
90            android:authorities="com.alipproject.mypresence.flutter.image_provider"
90-->[:image_picker_android] AndroidManifest.xml:12:13-74
91            android:exported="false"
91-->[:image_picker_android] AndroidManifest.xml:13:13-37
92            android:grantUriPermissions="true" >
92-->[:image_picker_android] AndroidManifest.xml:14:13-47
93            <meta-data
93-->[:image_picker_android] AndroidManifest.xml:15:13-17:75
94                android:name="android.support.FILE_PROVIDER_PATHS"
94-->[:image_picker_android] AndroidManifest.xml:16:17-67
95                android:resource="@xml/flutter_image_picker_file_paths" />
95-->[:image_picker_android] AndroidManifest.xml:17:17-72
96        </provider>
97
98        <service
98-->[:geolocator_android] AndroidManifest.xml:12:9-16:56
99            android:name="com.baseflow.geolocator.GeolocatorLocationService"
99-->[:geolocator_android] AndroidManifest.xml:13:13-77
100            android:enabled="true"
100-->[:geolocator_android] AndroidManifest.xml:14:13-35
101            android:exported="false"
101-->[:geolocator_android] AndroidManifest.xml:15:13-37
102            android:foregroundServiceType="location" />
102-->[:geolocator_android] AndroidManifest.xml:16:13-53
103
104        <activity
104-->[com.google.firebase:firebase-auth:22.0.0] AndroidManifest.xml:29:9-46:20
105            android:name="com.google.firebase.auth.internal.GenericIdpActivity"
105-->[com.google.firebase:firebase-auth:22.0.0] AndroidManifest.xml:30:13-80
106            android:excludeFromRecents="true"
106-->[com.google.firebase:firebase-auth:22.0.0] AndroidManifest.xml:31:13-46
107            android:exported="true"
107-->[com.google.firebase:firebase-auth:22.0.0] AndroidManifest.xml:32:13-36
108            android:launchMode="singleTask"
108-->[com.google.firebase:firebase-auth:22.0.0] AndroidManifest.xml:33:13-44
109            android:theme="@android:style/Theme.Translucent.NoTitleBar" >
109-->[com.google.firebase:firebase-auth:22.0.0] AndroidManifest.xml:34:13-72
110            <intent-filter>
110-->[com.google.firebase:firebase-auth:22.0.0] AndroidManifest.xml:35:13-45:29
111                <action android:name="android.intent.action.VIEW" />
111-->[com.google.firebase:firebase-auth:22.0.0] AndroidManifest.xml:36:17-69
111-->[com.google.firebase:firebase-auth:22.0.0] AndroidManifest.xml:36:25-66
112
113                <category android:name="android.intent.category.DEFAULT" />
113-->[com.google.firebase:firebase-auth:22.0.0] AndroidManifest.xml:38:17-76
113-->[com.google.firebase:firebase-auth:22.0.0] AndroidManifest.xml:38:27-73
114                <category android:name="android.intent.category.BROWSABLE" />
114-->[com.google.firebase:firebase-auth:22.0.0] AndroidManifest.xml:39:17-78
114-->[com.google.firebase:firebase-auth:22.0.0] AndroidManifest.xml:39:27-75
115
116                <data
116-->[com.google.firebase:firebase-auth:22.0.0] AndroidManifest.xml:41:17-44:51
117                    android:host="firebase.auth"
117-->[com.google.firebase:firebase-auth:22.0.0] AndroidManifest.xml:42:21-49
118                    android:path="/"
118-->[com.google.firebase:firebase-auth:22.0.0] AndroidManifest.xml:43:21-37
119                    android:scheme="genericidp" />
119-->[com.google.firebase:firebase-auth:22.0.0] AndroidManifest.xml:44:21-48
120            </intent-filter>
121        </activity>
122        <activity
122-->[com.google.firebase:firebase-auth:22.0.0] AndroidManifest.xml:47:9-64:20
123            android:name="com.google.firebase.auth.internal.RecaptchaActivity"
123-->[com.google.firebase:firebase-auth:22.0.0] AndroidManifest.xml:48:13-79
124            android:excludeFromRecents="true"
124-->[com.google.firebase:firebase-auth:22.0.0] AndroidManifest.xml:49:13-46
125            android:exported="true"
125-->[com.google.firebase:firebase-auth:22.0.0] AndroidManifest.xml:50:13-36
126            android:launchMode="singleTask"
126-->[com.google.firebase:firebase-auth:22.0.0] AndroidManifest.xml:51:13-44
127            android:theme="@android:style/Theme.Translucent.NoTitleBar" >
127-->[com.google.firebase:firebase-auth:22.0.0] AndroidManifest.xml:52:13-72
128            <intent-filter>
128-->[com.google.firebase:firebase-auth:22.0.0] AndroidManifest.xml:53:13-63:29
129                <action android:name="android.intent.action.VIEW" />
129-->[com.google.firebase:firebase-auth:22.0.0] AndroidManifest.xml:36:17-69
129-->[com.google.firebase:firebase-auth:22.0.0] AndroidManifest.xml:36:25-66
130
131                <category android:name="android.intent.category.DEFAULT" />
131-->[com.google.firebase:firebase-auth:22.0.0] AndroidManifest.xml:38:17-76
131-->[com.google.firebase:firebase-auth:22.0.0] AndroidManifest.xml:38:27-73
132                <category android:name="android.intent.category.BROWSABLE" />
132-->[com.google.firebase:firebase-auth:22.0.0] AndroidManifest.xml:39:17-78
132-->[com.google.firebase:firebase-auth:22.0.0] AndroidManifest.xml:39:27-75
133
134                <data
134-->[com.google.firebase:firebase-auth:22.0.0] AndroidManifest.xml:41:17-44:51
135                    android:host="firebase.auth"
135-->[com.google.firebase:firebase-auth:22.0.0] AndroidManifest.xml:42:21-49
136                    android:path="/"
136-->[com.google.firebase:firebase-auth:22.0.0] AndroidManifest.xml:43:21-37
137                    android:scheme="recaptcha" />
137-->[com.google.firebase:firebase-auth:22.0.0] AndroidManifest.xml:44:21-48
138            </intent-filter>
139        </activity>
140        <activity
140-->[com.google.android.gms:play-services-base:18.1.0] AndroidManifest.xml:20:9-22:45
141            android:name="com.google.android.gms.common.api.GoogleApiActivity"
141-->[com.google.android.gms:play-services-base:18.1.0] AndroidManifest.xml:20:19-85
142            android:exported="false"
142-->[com.google.android.gms:play-services-base:18.1.0] AndroidManifest.xml:22:19-43
143            android:theme="@android:style/Theme.Translucent.NoTitleBar" />
143-->[com.google.android.gms:play-services-base:18.1.0] AndroidManifest.xml:21:19-78
144
145        <provider
145-->[com.google.firebase:firebase-common:20.3.2] AndroidManifest.xml:25:9-30:39
146            android:name="com.google.firebase.provider.FirebaseInitProvider"
146-->[com.google.firebase:firebase-common:20.3.2] AndroidManifest.xml:26:13-77
147            android:authorities="com.alipproject.mypresence.firebaseinitprovider"
147-->[com.google.firebase:firebase-common:20.3.2] AndroidManifest.xml:27:13-72
148            android:directBootAware="true"
148-->[com.google.firebase:firebase-common:20.3.2] AndroidManifest.xml:28:13-43
149            android:exported="false"
149-->[com.google.firebase:firebase-common:20.3.2] AndroidManifest.xml:29:13-37
150            android:initOrder="100" />
150-->[com.google.firebase:firebase-common:20.3.2] AndroidManifest.xml:30:13-36
151
152        <meta-data
152-->[com.google.android.gms:play-services-basement:18.1.0] AndroidManifest.xml:21:9-23:69
153            android:name="com.google.android.gms.version"
153-->[com.google.android.gms:play-services-basement:18.1.0] AndroidManifest.xml:22:13-58
154            android:value="@integer/google_play_services_version" />
154-->[com.google.android.gms:play-services-basement:18.1.0] AndroidManifest.xml:23:13-66
155
156        <uses-library
156-->[androidx.window:window:1.0.0-beta04] AndroidManifest.xml:25:9-27:40
157            android:name="androidx.window.extensions"
157-->[androidx.window:window:1.0.0-beta04] AndroidManifest.xml:26:13-54
158            android:required="false" />
158-->[androidx.window:window:1.0.0-beta04] AndroidManifest.xml:27:13-37
159        <uses-library
159-->[androidx.window:window:1.0.0-beta04] AndroidManifest.xml:28:9-30:40
160            android:name="androidx.window.sidecar"
160-->[androidx.window:window:1.0.0-beta04] AndroidManifest.xml:29:13-51
161            android:required="false" />
161-->[androidx.window:window:1.0.0-beta04] AndroidManifest.xml:30:13-37
162
163        <provider
163-->[androidx.profileinstaller:profileinstaller:1.3.0] AndroidManifest.xml:24:9-32:20
164            android:name="androidx.startup.InitializationProvider"
164-->[androidx.profileinstaller:profileinstaller:1.3.0] AndroidManifest.xml:25:13-67
165            android:authorities="com.alipproject.mypresence.androidx-startup"
165-->[androidx.profileinstaller:profileinstaller:1.3.0] AndroidManifest.xml:26:13-68
166            android:exported="false" >
166-->[androidx.profileinstaller:profileinstaller:1.3.0] AndroidManifest.xml:27:13-37
167            <meta-data
167-->[androidx.profileinstaller:profileinstaller:1.3.0] AndroidManifest.xml:29:13-31:52
168                android:name="androidx.profileinstaller.ProfileInstallerInitializer"
168-->[androidx.profileinstaller:profileinstaller:1.3.0] AndroidManifest.xml:30:17-85
169                android:value="androidx.startup" />
169-->[androidx.profileinstaller:profileinstaller:1.3.0] AndroidManifest.xml:31:17-49
170        </provider>
171
172        <receiver
172-->[androidx.profileinstaller:profileinstaller:1.3.0] AndroidManifest.xml:34:9-52:20
173            android:name="androidx.profileinstaller.ProfileInstallReceiver"
173-->[androidx.profileinstaller:profileinstaller:1.3.0] AndroidManifest.xml:35:13-76
174            android:directBootAware="false"
174-->[androidx.profileinstaller:profileinstaller:1.3.0] AndroidManifest.xml:36:13-44
175            android:enabled="true"
175-->[androidx.profileinstaller:profileinstaller:1.3.0] AndroidManifest.xml:37:13-35
176            android:exported="true"
176-->[androidx.profileinstaller:profileinstaller:1.3.0] AndroidManifest.xml:38:13-36
177            android:permission="android.permission.DUMP" >
177-->[androidx.profileinstaller:profileinstaller:1.3.0] AndroidManifest.xml:39:13-57
178            <intent-filter>
178-->[androidx.profileinstaller:profileinstaller:1.3.0] AndroidManifest.xml:40:13-42:29
179                <action android:name="androidx.profileinstaller.action.INSTALL_PROFILE" />
179-->[androidx.profileinstaller:profileinstaller:1.3.0] AndroidManifest.xml:41:17-91
179-->[androidx.profileinstaller:profileinstaller:1.3.0] AndroidManifest.xml:41:25-88
180            </intent-filter>
181            <intent-filter>
181-->[androidx.profileinstaller:profileinstaller:1.3.0] AndroidManifest.xml:43:13-45:29
182                <action android:name="androidx.profileinstaller.action.SKIP_FILE" />
182-->[androidx.profileinstaller:profileinstaller:1.3.0] AndroidManifest.xml:44:17-85
182-->[androidx.profileinstaller:profileinstaller:1.3.0] AndroidManifest.xml:44:25-82
183            </intent-filter>
184            <intent-filter>
184-->[androidx.profileinstaller:profileinstaller:1.3.0] AndroidManifest.xml:46:13-48:29
185                <action android:name="androidx.profileinstaller.action.SAVE_PROFILE" />
185-->[androidx.profileinstaller:profileinstaller:1.3.0] AndroidManifest.xml:47:17-88
185-->[androidx.profileinstaller:profileinstaller:1.3.0] AndroidManifest.xml:47:25-85
186            </intent-filter>
187            <intent-filter>
187-->[androidx.profileinstaller:profileinstaller:1.3.0] AndroidManifest.xml:49:13-51:29
188                <action android:name="androidx.profileinstaller.action.BENCHMARK_OPERATION" />
188-->[androidx.profileinstaller:profileinstaller:1.3.0] AndroidManifest.xml:50:17-95
188-->[androidx.profileinstaller:profileinstaller:1.3.0] AndroidManifest.xml:50:25-92
189            </intent-filter>
190        </receiver>
191    </application>
192
193</manifest>